已經開始建置於 2016/2/2 上午 03:29:26。
     1>節點 2 (Build 目標) 上的專案 "C:\Users\user\Desktop\專題\新增資料夾 (2)\testfile-master\testfile-master\New\New.vcxproj"。
     1>C:\Program Files (x86)\MSBuild\Microsoft.Cpp\v4.0\V120\Microsoft.CppBuild.targets(381,5): warning MSB8028: The intermediate directory (x64\Debug\) contains files shared from another project (New.vcxproj).  This can lead to incorrect clean and rebuild behavior.
     1>ClCompile:
         C:\Program Files (x86)\Microsoft Visual Studio 12.0\VC\bin\x86_amd64\CL.exe /c /IC:\opencv249\build\include /Zi /nologo /W3 /WX- /sdl /Od /D WIN32 /D _DEBUG /D _CONSOLE /D _UNICODE /D UNICODE /Gm /EHsc /RTC1 /MDd /GS /fp:precise /Zc:wchar_t /Zc:forScope /Yc"stdafx.h" /Fp"x64\Debug\q22.pch" /Fo"x64\Debug\\" /Fd"x64\Debug\vc120.pdb" /Gd /TP /errorReport:prompt stdafx.cpp
         stdafx.cpp
         C:\Program Files (x86)\Microsoft Visual Studio 12.0\VC\bin\x86_amd64\CL.exe /c /IC:\opencv249\build\include /Zi /nologo /W3 /WX- /sdl /Od /D WIN32 /D _DEBUG /D _CONSOLE /D _UNICODE /D UNICODE /Gm /EHsc /RTC1 /MDd /GS /fp:precise /Zc:wchar_t /Zc:forScope /Yu"stdafx.h" /Fp"x64\Debug\q22.pch" /Fo"x64\Debug\\" /Fd"x64\Debug\vc120.pdb" /Gd /TP /errorReport:prompt q22.cpp
         q22.cpp
     1>q22.cpp(35): warning C4244: '=' : 將 'double' 轉換為 'int'，由於類型不同，可能導致資料遺失
     1>q22.cpp(38): warning C4244: '=' : 將 'double' 轉換為 'int'，由於類型不同，可能導致資料遺失
     1>q22.cpp(40): warning C4244: '=' : 將 'double' 轉換為 'int'，由於類型不同，可能導致資料遺失
     1>q22.cpp(51): warning C4244: '=' : 將 'double' 轉換為 'uchar'，由於類型不同，可能導致資料遺失
     1>q22.cpp(52): warning C4244: '=' : 將 'double' 轉換為 'uchar'，由於類型不同，可能導致資料遺失
     1>q22.cpp(53): warning C4244: '=' : 將 'double' 轉換為 'uchar'，由於類型不同，可能導致資料遺失
       Link:
         C:\Program Files (x86)\Microsoft Visual Studio 12.0\VC\bin\x86_amd64\link.exe /ERRORREPORT:PROMPT /OUT:"C:\Users\user\Desktop\專題\新增資料夾 %282%29\testfile-master\testfile-master\x64\Debug\q22.exe" /INCREMENTAL /NOLOGO /LIBPATH:C:\opencv249\build\x64\vc12\lib kernel32.lib user32.lib gdi32.lib winspool.lib comdlg32.lib advapi32.lib shell32.lib ole32.lib oleaut32.lib uuid.lib odbc32.lib odbccp32.lib kernel32.lib user32.lib gdi32.lib winspool.lib comdlg32.lib advapi32.lib shell32.lib ole32.lib oleaut32.lib uuid.lib odbc32.lib odbccp32.lib opencv_ml249d.lib opencv_calib3d249d.lib opencv_contrib249d.lib opencv_core249d.lib opencv_features2d249d.lib opencv_flann249d.lib opencv_gpu249d.lib opencv_highgui249d.lib opencv_imgproc249d.lib opencv_legacy249d.lib opencv_objdetect249d.lib opencv_ts249d.lib opencv_video249d.lib opencv_nonfree249d.lib /MANIFEST /MANIFESTUAC:"level='asInvoker' uiAccess='false'" /manifest:embed /DEBUG /PDB:"C:\Users\user\Desktop\專題\新增資料夾 %282%29\testfile-master\testfile-master\x64\Debug\q22.pdb" /SUBSYSTEM:CONSOLE /TLBID:1 /DYNAMICBASE /NXCOMPAT /IMPLIB:"C:\Users\user\Desktop\專題\新增資料夾 %282%29\testfile-master\testfile-master\x64\Debug\q22.lib" /MACHINE:X64 x64\Debug\q22.obj
         x64\Debug\stdafx.obj
         New.vcxproj -> C:\Users\user\Desktop\專題\新增資料夾 %282%29\testfile-master\testfile-master\x64\Debug\q22.exe
     1>專案 "C:\Users\user\Desktop\專題\新增資料夾 (2)\testfile-master\testfile-master\New\New.vcxproj" (Build 目標) 建置完成。

建置成功。

經過時間 00:00:02.76
